<?xml version="1.0" encoding="UTF-8"?>
<!-- Generated by org.testng.reporters.JUnitReportReporter -->
<testsuite skipped="0" hostname="DESKTOP-U7I79AT" name="tests.CodingChallengeTest" tests="1" failures="0" timestamp="2020-05-24T15:57:05 CEST" time="8.364" errors="0">
  <testcase name="TestCase1" time="8.364" classname="tests.CodingChallengeTest"/>
</testsuite> <!-- tests.CodingChallengeTest -->
