<?xml version="1.0" encoding="UTF-8"?>
<!-- Generated by org.testng.reporters.JUnitReportReporter -->
<testsuite skipped="0" hostname="DESKTOP-U7I79AT" name="tests.CodingChallengeTest" tests="1" failures="0" timestamp="2020-05-24T17:00:20 CEST" time="8.050" errors="0">
  <testcase name="testCase1" time="8.050" classname="tests.CodingChallengeTest"/>
</testsuite> <!-- tests.CodingChallengeTest -->
